This is pdfTeX, Version 3.14159265-2.6-1.40.16 (TeX Live 2015/Debian) (preloaded format=latex 2016.8.3)  25 OCT 2016 11:39
entering extended mode
 restricted \write18 enabled.
 %&-line parsing enabled.
**\makeatletter\def\HCode{\futurelet\HCode\HChar}\def\HChar{\ifx"\HCode\def\HCo
de"##1"{\Link##1}\expandafter\HCode\else\expandafter\Link\fi}\def\Link#1.a.b.c.
{\g@addto@macro\@documentclasshook{\RequirePackage[#1,html]{tex4ht}}\let\HCode\
documentstyle\def\documentstyle{\let\documentstyle\HCode\expandafter\def\csname
 tex4ht\endcsname{#1,html}\def\HCode####1{\documentstyle[tex4ht,}\@ifnextchar[{
\HCode}{\documentstyle[tex4ht]}}}\makeatother\HCode .a.b.c.\input  six.tex
(./six.tex (/usr/share/texlive/texmf-dist/tex/latex/base/report.cls
Document Class: report 2014/09/29 v1.4h Standard LaTeX document class
(/usr/share/texlive/texmf-dist/tex/latex/base/size11.clo
File: size11.clo 2014/09/29 v1.4h Standard LaTeX file (size option)
)
\c@part=\count79
\c@chapter=\count80
\c@section=\count81
\c@subsection=\count82
\c@subsubsection=\count83
\c@paragraph=\count84
\c@subparagraph=\count85
\c@figure=\count86
\c@table=\count87
\abovecaptionskip=\skip41
\belowcaptionskip=\skip42
\bibindent=\dimen102
)
(/usr/share/texmf/tex/generic/tex4ht/tex4ht.sty
version 2008-10-27-17:23
Package: tex4ht 
--------------------------------------
--- Note --- for _ at preamble, use the command line option `early_'
--------------------------------------
--------------------------------------
--- Note --- for ^ at preamble, use the command line option `early^'
--------------------------------------
\tmp:toks=\toks14
)
(/usr/share/texmf/tex/generic/tex4ht/usepackage.4ht
version 2009-05-21-09:32
)
(/usr/share/texlive/texmf-dist/tex/latex/float/float.sty
Package: float 2001/11/08 v1.3d Float enhancements (AL)
\c@float@type=\count88
\float@exts=\toks15
\float@box=\box26
\@float@everytoks=\toks16
\@floatcapt=\box27
)
(/usr/share/texlive/texmf-dist/tex/latex/graphics/graphics.sty
Package: graphics 2014/10/28 v1.0p Standard LaTeX Graphics (DPC,SPQR)

(/usr/share/texlive/texmf-dist/tex/latex/graphics/trig.sty
Package: trig 1999/03/16 v1.09 sin cos tan (DPC)
)
(/usr/share/texlive/texmf-dist/tex/latex/latexconfig/graphics.cfg
File: graphics.cfg 2010/04/23 v1.9 graphics configuration of TeX Live
)
Package graphics Info: Driver file: dvips.def on input line 94.

(/usr/share/texlive/texmf-dist/tex/latex/graphics/dvips.def
File: dvips.def 2014/10/14 v3.0j Driver-dependent file (DPC,SPQR)
))
(/usr/share/texlive/texmf-dist/tex/latex/graphics/epsfig.sty
Package: epsfig 1999/02/16 v1.7a (e)psfig emulation (SPQR)

(/usr/share/texlive/texmf-dist/tex/latex/graphics/graphicx.sty
Package: graphicx 2014/10/28 v1.0g Enhanced LaTeX Graphics (DPC,SPQR)

(/usr/share/texlive/texmf-dist/tex/latex/graphics/keyval.sty
Package: keyval 2014/10/28 v1.15 key=value parser (DPC)
\KV@toks@=\toks17
)
\Gin@req@height=\dimen103
\Gin@req@width=\dimen104
)
\epsfxsize=\dimen105
\epsfysize=\dimen106
)
(/usr/share/texlive/texmf-dist/tex/latex/rotating/rotating.sty
Package: rotating 2009/03/28 v2.16a rotated objects in LaTeX

(/usr/share/texlive/texmf-dist/tex/latex/base/ifthen.sty
Package: ifthen 2014/09/29 v1.1c Standard LaTeX ifthen package (DPC)
)
\c@r@tfl@t=\count89
\rotFPtop=\skip43
\rotFPbot=\skip44
\rot@float@box=\box28
\rot@mess@toks=\toks18
)
(/usr/share/texlive/texmf-dist/tex/latex/tools/verbatim.sty
Package: verbatim 2014/10/28 v1.5q LaTeX2e package for verbatim enhancements
\every@verbatim=\toks19
\verbatim@line=\toks20
\verbatim@in@stream=\read1
)
(/usr/share/texmf/tex/latex/html/html.sty
Package: html 1999/07/19 v1.38 hypertext commands for latex2html (nd, hws, rrm)

\c@lpart=\count90
\c@lchapter=\count91
\c@lsection=\count92
\c@lsubsection=\count93
\c@lsubsubsection=\count94
\c@lparagraph=\count95
\c@lsubparagraph=\count96
\c@lsubsubparagraph=\count97
\ptrfile=\write3
)
(/usr/share/texmf/tex/generic/tex4ht/tex4ht.4ht
version 2009-01-07-07:11
--------------------------------------
--- Note --- for additional information, use the command line option `info'
--------------------------------------

::::::::::::::::::::::::::::::::::::::::::
 TeX4ht info is available in the log file 
::::::::::::::::::::::::::::::::::::::::::
) (/usr/share/texmf/tex/generic/tex4ht/tex4ht.sty
version 2008-10-27-17:23

--- needs --- tex4ht six ---
\tmp:cnt=\count98
\openout15 = `six.tmp'.

(./six.tmp)
\tmp:dim=\skip45
--------------------------------------
--- Note --- for XML code, use the command line option `xml' or `xhtml'
--------------------------------------
 (./six.xref)
\:refout=\write4
\openout4 = `six.xref'.

 (/usr/share/texmf/tex/generic/tex4ht/html4.4ht
version 2009-05-18-23:01
--------------------------------------
--- Note --- to remove the <?xml version=...?> processing instruction use the c
ommand line option `no-VERSION'
--------------------------------------
--------------------------------------
--- Note --- to remove the DOCTYPE declaration use the command line option `no-
DOCTYPE'
--------------------------------------
)
(/usr/share/texmf/tex/generic/tex4ht/html4-math.4ht
version 2009-05-18-23:01
)
--------------------------------------
--- Note --- for marking of the base font, use the command line option `fonts+'

--------------------------------------
--------------------------------------
--- Note --- for non active _, use the command line option `no_'
--------------------------------------
--------------------------------------
--- Note --- for _ of catcode 13, use the command line option `_13'
--------------------------------------
--------------------------------------
--- Note --- for non active ^, use the command line option `no^'
--------------------------------------
--------------------------------------
--- Note --- for ^ of catcode 13, use the command line option `^13'
--------------------------------------

(/usr/share/texmf/tex/generic/tex4ht/html4.4ht
version 2009-05-18-23:01
--------------------------------------
--- Note --- for alternative charset, use the command line option `charset=...'

--------------------------------------
--------------------------------------
--- Note --- to ignore CSS font decoration, use the `NoFonts' command line opti
on
--------------------------------------
--------------------------------------
--- Note --- for jpg bitmaps of pictures, use the `jpg' command line option. (C
haracter bitmaps are controled only by `g' records of tex4ht.env and `-g' switc
hes of tex4ht.c) 
--------------------------------------
--------------------------------------
--- Note --- for gif bitmaps of pictures, use the `gif' command line option. (C
haracter bitmaps are controled only by `g' records of tex4ht.env and `-g' switc
hes of tex4ht.c) 
--------------------------------------
--------------------------------------
--- Note --- for content and toc in 2 frames, use the command line option `fram
es'
--------------------------------------
--------------------------------------
--- Note --- for content, toc, and footnotes in 3 frames, use the command line 
option `frames-fn'
--------------------------------------
--------------------------------------
--- Note --- for file extension name xht, use the command line option `xht'
--------------------------------------
TeX4ht package options: html
--------------------------------------
--- Note --- to ignore CSS code, use the command line option `-css
--------------------------------------
--------------------------------------
--- Note --- for inline CSS code, use the command line option `css-in'
--------------------------------------
--------------------------------------
--- Note --- for pop ups on mouse over, use the command line option `mouseover'

--------------------------------------
--------------------------------------
--- Note --- for addressing images in a subdirectory, use the command line opti
on `imgdir:.../'
--------------------------------------
)
(/usr/share/texmf/tex/generic/tex4ht/html4-math.4ht
version 2009-05-18-23:01
)
\:tokwrite=\toks21
\:tokpage=\toks22
--------------------------------------
--- Note --- for back links to toc, use the command line option `sections+'
--------------------------------------
--------------------------------------
--- Note --- for linear crosslinks of pages, use the command line option `next'

--------------------------------------
\openout15 = `six.4ct'.

\:tocout=\write5
\openout5 = `six.4tc'.


(/usr/share/texmf/tex/generic/tex4ht/html4.4ht
version 2009-05-18-23:01
)
(/usr/share/texmf/tex/generic/tex4ht/html4-math.4ht
version 2009-05-18-23:01
)
(/usr/share/texmf/tex/generic/tex4ht/latex.4ht
version 2009-05-21-09:32
--------------------------------------
--- Note --- for links into captions, instead of float heads, use the command l
ine option `refcaption'
--------------------------------------

(/usr/share/texmf/tex/generic/tex4ht/html4.4ht
version 2009-05-18-23:01
--------------------------------------
--- Note --- For mini tocs immediately aftter the header use the command line o
ption `minitoc<'
--------------------------------------
--------------------------------------
--- Note --- for enumerated list elements with valued data, use the command lin
e option `enumerate+'
--------------------------------------
--------------------------------------
--- Note --- for enumerated list elements li's with value attributes, use the c
ommand line option `enumerate-'
--------------------------------------
--------------------------------------
--- Note --- for CSS2 code, use the command line option `css2'
--------------------------------------
--------------------------------------
--- Note --- for pictorial tabular, use the command line option `pic-tabular'
--------------------------------------
--------------------------------------
--- Note --- for bitmap fbox'es, use the command line option `pic-fbox'
--------------------------------------
--------------------------------------
--- Note --- for bitmap framebox'es, use the command line option `pic-framebox'

--------------------------------------
--------------------------------------
--- Note --- for inline footnotes use command line option `fn-in'
--------------------------------------
--------------------------------------
--- Note --- for tracing of latex font commands, use the command line option `f
onts'
--------------------------------------
--------------------------------------
--- Note --- for width specifications of tabular p entries, use the `p-width' c
ommand line option or a configuration similar to \Configure{HColWidth}{\HCode{ 
style="width:\HColWidth"}}
--------------------------------------
)
(/usr/share/texmf/tex/generic/tex4ht/html4-math.4ht
version 2009-05-18-23:01
--------------------------------------
--- Note --- for pictorial eqnarray, use the command line option `pic-eqnarray'

--------------------------------------
--------------------------------------
--- Note --- for pictorial array, use the command line option `pic-array'
--------------------------------------
--------------------------------------
--- Note --- for pictorial $...$ environments, use the command line option `pic
-m' (not recommended!!)
--------------------------------------
--------------------------------------
--- Note --- for pictorial $...$ and $$...$$ environments with latex alt, use t
he command line option `pic-m+' (not safe!!)
--------------------------------------
--------------------------------------
--- Note --- for pictorial array, use the command line option `pic-array'
--------------------------------------
))
(/usr/share/texmf/tex/generic/tex4ht/fontmath.4ht
version 2009-05-21-09:32

(/usr/share/texmf/tex/generic/tex4ht/html4.4ht
version 2009-05-18-23:01
)
(/usr/share/texmf/tex/generic/tex4ht/html4-math.4ht
version 2009-05-18-23:01
))
(/usr/share/texmf/tex/generic/tex4ht/report.4ht
version 2009-05-21-09:32

(/usr/share/texmf/tex/generic/tex4ht/html4.4ht
version 2009-05-18-23:01
--------------------------------------
--- Note --- for automatic sectioning pagination, use the command line option `
1', `2', `3', '4', '5', '6', or '7'
--------------------------------------
--------------------------------------
--- Note --- for files named derived from section titles, use the command line 
option `sec-filename'
--------------------------------------
--------------------------------------
--- Note --- for i-columns index, use the command line option `index=i' (e.g., 
index=2)
--------------------------------------
)
(/usr/share/texmf/tex/generic/tex4ht/html4-math.4ht
version 2009-05-18-23:01
))
(/usr/share/texmf/tex/generic/tex4ht/float.4ht
version 2009-05-21-09:32

(/usr/share/texmf/tex/generic/tex4ht/html4.4ht
version 2009-05-18-23:01
)
(/usr/share/texmf/tex/generic/tex4ht/html4-math.4ht
version 2009-05-18-23:01
))
(/usr/share/texmf/tex/generic/tex4ht/graphics.4ht
version 2009-05-21-09:32

(/usr/share/texmf/tex/generic/tex4ht/html4.4ht
version 2009-05-18-23:01
--------------------------------------
--- Note --- if included graphics are of degraded quality, try the command line
 options `graphics-num' or `graphics-'. The `num' should provide the density of
 pixels in the bitmaps (e.g., 110). 
--------------------------------------
--------------------------------------
--- Note --- for key dimensions try the option `Gin-dim'; for key dimensions wh
en bounding box is unavailable try `Gin-dim+'; neither is recommended
--------------------------------------
)
(/usr/share/texmf/tex/generic/tex4ht/html4-math.4ht
version 2009-05-18-23:01
))
(/usr/share/texmf/tex/generic/tex4ht/dvips.4ht
version 2009-05-21-09:32

(/usr/share/texmf/tex/generic/tex4ht/html4.4ht
version 2009-05-18-23:01
)
(/usr/share/texmf/tex/generic/tex4ht/html4-math.4ht
version 2009-05-18-23:01
))
(/usr/share/texmf/tex/generic/tex4ht/epsfig.4ht
version 2009-05-21-09:32

(/usr/share/texmf/tex/generic/tex4ht/html4.4ht
version 2009-05-18-23:01
)
(/usr/share/texmf/tex/generic/tex4ht/html4-math.4ht
version 2009-05-18-23:01
))
(/usr/share/texmf/tex/generic/tex4ht/graphicx.4ht
version 2009-05-21-09:32

(/usr/share/texmf/tex/generic/tex4ht/html4.4ht
version 2009-05-18-23:01
)
(/usr/share/texmf/tex/generic/tex4ht/html4-math.4ht
version 2009-05-18-23:01
))
(/usr/share/texmf/tex/generic/tex4ht/rotating.4ht
version 2009-05-21-09:32

(/usr/share/texmf/tex/generic/tex4ht/html4.4ht
version 2009-05-18-23:01
)
(/usr/share/texmf/tex/generic/tex4ht/html4-math.4ht
version 2009-05-18-23:01
))
(/usr/share/texmf/tex/generic/tex4ht/ifthen.4ht
version 2009-05-21-09:32

(/usr/share/texmf/tex/generic/tex4ht/html4.4ht
version 2009-05-18-23:01
)
(/usr/share/texmf/tex/generic/tex4ht/html4-math.4ht
version 2009-05-18-23:01
))
(/usr/share/texmf/tex/generic/tex4ht/verbatim.4ht
version 2009-05-21-09:32

(/usr/share/texmf/tex/generic/tex4ht/html4.4ht
version 2009-05-18-23:01
)
(/usr/share/texmf/tex/generic/tex4ht/html4-math.4ht
version 2009-05-18-23:01
))
(/usr/share/texmf/tex/generic/tex4ht/html4.4ht
version 2009-05-18-23:01
)
(/usr/share/texmf/tex/generic/tex4ht/html4-math.4ht
version 2009-05-18-23:01
)) (./six.aux)
\openout1 = `six.aux'.

LaTeX Font Info:    Checking defaults for OML/cmm/m/it on input line 49.
LaTeX Font Info:    ... okay on input line 49.
LaTeX Font Info:    Checking defaults for T1/cmr/m/n on input line 49.
LaTeX Font Info:    ... okay on input line 49.
LaTeX Font Info:    Checking defaults for OT1/cmr/m/n on input line 49.
LaTeX Font Info:    ... okay on input line 49.
LaTeX Font Info:    Checking defaults for OMS/cmsy/m/n on input line 49.
LaTeX Font Info:    ... okay on input line 49.
LaTeX Font Info:    Checking defaults for OMX/cmex/m/n on input line 49.
LaTeX Font Info:    ... okay on input line 49.
LaTeX Font Info:    Checking defaults for U/cmr/m/n on input line 49.
LaTeX Font Info:    ... okay on input line 49.
--- file six.css ---
 [1

] [1]
[2] [1] [2

] (./six.4ct [3

]) (./six.4ct) [4] [1

]
Chapter 1.
--- file six2.html ---
LaTeX Font Info:    Try loading font information for OMS+cmr on input line 133.

(/usr/share/texlive/texmf-dist/tex/latex/base/omscmr.fd
File: omscmr.fd 2014/09/29 v2.5h Standard LaTeX font definitions
)
LaTeX Font Info:    Font shape `OMS/cmr/m/n' in size <10.95> not available
(Font)              Font shape `OMS/cmsy/m/n' tried instead on input line 133.
LaTeX Font Info:    External font `cmex10' loaded for size
(Font)              <10.95> on input line 153.
LaTeX Font Info:    External font `cmex10' loaded for size
(Font)              <8> on input line 153.
LaTeX Font Info:    External font `cmex10' loaded for size
(Font)              <6> on input line 153.
l. 153 Writing six.idv[1] (six0x.png)
 [2


] [3]
Chapter 2.
[4

] [5

]
LaTeX Font Info:    External font `cmex10' loaded for size
(Font)              <5> on input line 213.
 [6

] [7

]
Chapter 3.
LaTeX Font Info:    Font shape `OT1/cmtt/bx/n' in size <10.95> not available
(Font)              Font shape `OT1/cmtt/m/n' tried instead on input line 301.
[8

] [9] [10

] [11

] [12

] [13] [14

] [15

] [16

] [17

]
l. 552 Writing six.idv[2] (six1x.png)
 [18

]
l. 571 Writing six.idv[3] (six2x.png)
l. 573 Writing six.idv[4] (six3x.png)
 [19

] [20] [21] [22]
[23]
LaTeX Font Info:    Font shape `OMS/cmr/m/it' in size <10.95> not available
(Font)              Font shape `OMS/cmsy/m/n' tried instead on input line 733.
 [24] [25] [26]
l. 888 Writing six.idv[5] (six4x.png)
 [27]
l. 923 Writing six.idv[6] (six5x.png)
 [28]
l. 927 Writing six.idv[7] (six6x.png)
 [29] [30] [31]
LaTeX Font Info:    External font `cmex10' loaded for size
(Font)              <7> on input line 1066.
 [32] [33] [34] [35] [36] [37]
l. 1319 Writing six.idv[8] (six7x.png)

[38] [39] [40] [41] [42] [43] [44]
l. 1569 Writing six.idv[9] (six8x.png)
 [45] [46] [47] [48

] [49

] [50] [51] [52]
[53]
l. 1930 Writing six.idv[10] (six9x.png)
l. 1938 Writing six.idv[11] (six10x.png)
l. 1943 Writing six.idv[12] (six11x.png)
l. 1944 Writing six.idv[13] (six12x.png)
l. 1947 Writing six.idv[14] (six13x.png)
l. 1948 Writing six.idv[15] (six14x.png)
 [54]
l. 1969 Writing six.idv[16] (six15x.png)
 [55]
l. 2028 Writing six.idv[17] (six16x.png)
l. 2029 Writing six.idv[18] (six17x.png)
l. 2039 Writing six.idv[19] (six18x.png)
l. 2040 Writing six.idv[20] (six19x.png)
 [56]
l. 2042 Writing six.idv[21] (six20x.png)
l. 2043 Writing six.idv[22] (six21x.png)
l. 2077 Writing six.idv[23] (six22x.png)
l. 2082 Writing six.idv[24] (six23x.png)
l. 2083 Writing six.idv[25] (six24x.png)
 [57]
l. 2089 Writing six.idv[26] (six25x.png)
l. 2090 Writing six.idv[27] (six26x.png)
l. 2098 Writing six.idv[28] (six27x.png)
l. 2098 Writing six.idv[29] (six28x.png)
 [58] [59] [60

]
l. 2167 Writing six.idv[30] (six29x.png)
l. 2175 Writing six.idv[31] (six30x.png)
 [61

] [62

]
l. 2235 Writing six.idv[32] (six31x.png)
l. 2239 Writing six.idv[33] (six32x.png)
 [63] [64

]
Appendix A.
\c@kwc=\count99
[65

] [66

]
LaTeX Font Info:    Font shape `OMS/cmr/bx/n' in size <8> not available
(Font)              Font shape `OMS/cmsy/b/n' tried instead on input line 2284.

LaTeX Font Info:    Font shape `OMS/cmr/m/n' in size <8> not available
(Font)              Font shape `OMS/cmsy/m/n' tried instead on input line 2289.

 [67

] [68

] [69

] [70

] [71

] [72

]
Appendix B.
\c@dtp=\count100
[73

] [74

] [75

] [76

]
\c@dsp=\count101
 [77

] [78

] [79

] [80

]
Appendix C.
[81

] [82

] [83

] [84

] [85

] [86

] [87

] [88

] [89

] [90

] [91

] [92

] [93

]
Appendix D.
[94

] [95

]
l. 2899 Writing six.idv[34] (six33x.png)
 [96

] [97

] [98

] [99

]
l. 2946 Writing six.idv[35] (six34x.png)
 [100

]
\c@dst=\count102
 [101

] [102

]
l. 3011 Writing six.idv[36] (six35x.png)
 [103

] [104

]
\c@dlo=\count103
 [105

] [106

]
[107

] [108

]
\c@dsu=\count104
 [109

] [110

] [111

] [112

] [113

] [114

] [115

]
Appendix E.
[116

] [117

]
l. 3300 Writing six.idv[37] (six36x.png)
File: expout1.eps Graphic file (type eps)
 <expout1.eps> [118

] [119

] [120

] [121

]
l. 3311 Writing six.idv[38] (six37x.png)
File: expout2.eps Graphic file (type eps)
 <expout2.eps> [122

] [123

]
[124

]
l. 3318 Writing six.idv[39] (six38x.png)
File: expout3.eps Graphic file (type eps)
 <expout3.eps> [125

] [126

] [127

] [128

]
l. 3329 Writing six.idv[40] (six39x.png)
File: expout4.eps Graphic file (type eps)
 <expout4.eps> [129

] [130

] [131

]
[132

]
l. 3348 Writing six.idv[41] (six40x.png)
File: exp1.eps Graphic file (type eps)
 <exp1.eps>
l. 3350 Writing six.idv[42] (six41x.png)
File: exp9.eps Graphic file (type eps)
 <exp9.eps> [133

] [134

] [135

]
l. 3359 Writing six.idv[43] (six42x.png)
File: exp2.eps Graphic file (type eps)
 <exp2.eps>
l. 3361 Writing six.idv[44] (six43x.png)
File: exp10.eps Graphic file (type eps)
 <exp10.eps> [136

]
[137] [138

] [139

]
l. 3370 Writing six.idv[45] (six44x.png)
File: exp4.eps Graphic file (type eps)
 <exp4.eps>
l. 3372 Writing six.idv[46] (six45x.png)
File: exp12.eps Graphic file (type eps)
 <exp12.eps> [140

] [141] [142

] [143

]
l. 3381 Writing six.idv[47] (six46x.png)
File: exp6.eps Graphic file (type eps)
 <exp6.eps>
l. 3383 Writing six.idv[48] (six47x.png)
File: exp14.eps Graphic file (type eps)

<exp14.eps> [144

] [145] [146

] [147

]
l. 3395 Writing six.idv[49] (six48x.png)
File: exp7.eps Graphic file (type eps)
 <exp7.eps>
l. 3397 Writing six.idv[50] (six49x.png)
File: exp15.eps Graphic file (type eps)
 <exp15.eps> [148

] [149] [150

]
[151

] [152] [153] (./six.aux) ) 
Here is how much of TeX's memory you used:
 6528 strings out of 494038
 77674 string characters out of 6165061
 271194 words of memory out of 5000000
 9805 multiletter control sequences out of 15000+600000
 12149 words of font info for 43 fonts, out of 8000000 for 9000
 680 hyphenation exceptions out of 8191
 33i,11n,30p,1309b,710s stack positions out of 5000i,500n,10000p,200000b,80000s

Output written on six.dvi (160 pages, 686804 bytes).
